<?xml version="1.0" encoding="UTF-8"?>
<testng-results skipped="0" failed="1" ignored="0" total="5" passed="4">
  <reporter-output>
  </reporter-output>
  <suite name="actiTIME Test for automation test Suite" duration-ms="71007" started-at="2020-05-26T06:47:30Z" finished-at="2020-05-26T06:48:41Z">
    <groups>
    </groups>
    <test name="actiTIME application test" duration-ms="71007" started-at="2020-05-26T06:47:30Z" finished-at="2020-05-26T06:48:41Z">
      <class name="com.qa.TestCases.TasksPageTest">
        <test-method status="PASS" signature="setUp()[pri:0, instance:com.qa.TestCases.TasksPageTest@604ed9f0]" name="setUp" is-config="true" duration-ms="17134" started-at="2020-05-26T12:17:30Z" finished-at="2020-05-26T12:17:47Z">
          <reporter-output>
          </reporter-output>
        </test-method> <!-- setUp -->
        <test-method status="PASS" signature="validateTasksPageTest()[pri:0, instance:com.qa.TestCases.TasksPageTest@604ed9f0]" name="validateTasksPageTest" duration-ms="476" started-at="2020-05-26T12:17:47Z" finished-at="2020-05-26T12:17:48Z">
          <reporter-output>
          </reporter-output>
        </test-method> <!-- validateTasksPageTest -->
        <test-method status="PASS" signature="tearDown()[pri:0, instance:com.qa.TestCases.TasksPageTest@604ed9f0]" name="tearDown" is-config="true" duration-ms="936" started-at="2020-05-26T12:17:48Z" finished-at="2020-05-26T12:17:49Z">
          <reporter-output>
          </reporter-output>
        </test-method> <!-- tearDown -->
      </class> <!-- com.qa.TestCases.TasksPageTest -->
      <class name="com.qa.TestCases.HomePageTest">
        <test-method status="PASS" signature="setUp()[pri:0, instance:com.qa.TestCases.HomePageTest@91161c7]" name="setUp" is-config="true" duration-ms="10864" started-at="2020-05-26T12:18:00Z" finished-at="2020-05-26T12:18:11Z">
          <reporter-output>
          </reporter-output>
        </test-method> <!-- setUp -->
        <test-method status="FAIL" signature="verifyHomePageTitleTest()[pri:1, instance:com.qa.TestCases.HomePageTest@91161c7]" name="verifyHomePageTitleTest" duration-ms="2223" started-at="2020-05-26T12:18:11Z" finished-at="2020-05-26T12:18:13Z">
          <exception class="java.lang.AssertionError">
            <message>
              <![CDATA[HomePage title is not matched expected [actiTIME - Enter Time-Track] but found [actiTIME - Login]]]>
            </message>
            <full-stacktrace>
              <![CDATA[java.lang.AssertionError: HomePage title is not matched expected [actiTIME - Enter Time-Track] but found [actiTIME - Login]
	at org.testng.Assert.fail(Assert.java:94)
	at org.testng.Assert.failNotEquals(Assert.java:513)
	at org.testng.Assert.assertEqualsImpl(Assert.java:135)
	at org.testng.Assert.assertEquals(Assert.java:116)
	at org.testng.Assert.assertEquals(Assert.java:190)
	at com.qa.TestCases.HomePageTest.verifyHomePageTitleTest(HomePageTest.java:37)
	at sun.reflect.NativeMethodAccessorImpl.invoke0(Native Method)
	at sun.reflect.NativeMethodAccessorImpl.invoke(NativeMethodAccessorImpl.java:62)
	at sun.reflect.DelegatingMethodAccessorImpl.invoke(DelegatingMethodAccessorImpl.java:43)
	at java.lang.reflect.Method.invoke(Method.java:498)
	at org.testng.internal.MethodInvocationHelper.invokeMethod(MethodInvocationHelper.java:104)
	at org.testng.internal.Invoker.invokeMethod(Invoker.java:645)
	at org.testng.internal.Invoker.invokeTestMethod(Invoker.java:851)
	at org.testng.internal.Invoker.invokeTestMethods(Invoker.java:1177)
	at org.testng.internal.TestMethodWorker.invokeTestMethods(TestMethodWorker.java:129)
	at org.testng.internal.TestMethodWorker.run(TestMethodWorker.java:112)
	at org.testng.TestRunner.privateRun(TestRunner.java:756)
	at org.testng.TestRunner.run(TestRunner.java:610)
	at org.testng.SuiteRunner.runTest(SuiteRunner.java:387)
	at org.testng.SuiteRunner.runSequentially(SuiteRunner.java:382)
	at org.testng.SuiteRunner.privateRun(SuiteRunner.java:340)
	at org.testng.SuiteRunner.run(SuiteRunner.java:289)
	at org.testng.SuiteRunnerWorker.runSuite(SuiteRunnerWorker.java:52)
	at org.testng.SuiteRunnerWorker.run(SuiteRunnerWorker.java:86)
	at org.testng.TestNG.runSuitesSequentially(TestNG.java:1293)
	at org.testng.TestNG.runSuitesLocally(TestNG.java:1218)
	at org.testng.TestNG.runSuites(TestNG.java:1133)
	at org.testng.TestNG.run(TestNG.java:1104)
	at org.testng.remote.AbstractRemoteTestNG.run(AbstractRemoteTestNG.java:132)
	at org.testng.remote.RemoteTestNG.initAndRun(RemoteTestNG.java:236)
	at org.testng.remote.RemoteTestNG.main(RemoteTestNG.java:81)
]]>
            </full-stacktrace>
          </exception> <!-- java.lang.AssertionError -->
          <reporter-output>
          </reporter-output>
        </test-method> <!-- verifyHomePageTitleTest -->
        <test-method status="PASS" signature="tearDown()[pri:0, instance:com.qa.TestCases.HomePageTest@91161c7]" name="tearDown" is-config="true" duration-ms="1016" started-at="2020-05-26T12:18:13Z" finished-at="2020-05-26T12:18:15Z">
          <reporter-output>
          </reporter-output>
        </test-method> <!-- tearDown -->
        <test-method status="PASS" signature="setUp()[pri:0, instance:com.qa.TestCases.HomePageTest@91161c7]" name="setUp" is-config="true" duration-ms="10916" started-at="2020-05-26T12:18:27Z" finished-at="2020-05-26T12:18:37Z">
          <reporter-output>
          </reporter-output>
        </test-method> <!-- setUp -->
        <test-method status="PASS" signature="clickOnTasksButton()[pri:2, instance:com.qa.TestCases.HomePageTest@91161c7]" name="clickOnTasksButton" duration-ms="2548" started-at="2020-05-26T12:18:37Z" finished-at="2020-05-26T12:18:40Z">
          <reporter-output>
          </reporter-output>
        </test-method> <!-- clickOnTasksButton -->
        <test-method status="PASS" signature="tearDown()[pri:0, instance:com.qa.TestCases.HomePageTest@91161c7]" name="tearDown" is-config="true" duration-ms="964" started-at="2020-05-26T12:18:40Z" finished-at="2020-05-26T12:18:41Z">
          <reporter-output>
          </reporter-output>
        </test-method> <!-- tearDown -->
      </class> <!-- com.qa.TestCases.HomePageTest -->
      <class name="com.qa.TestCases.LoginPageTest">
        <test-method status="PASS" signature="setUp()[pri:0, instance:com.qa.TestCases.LoginPageTest@5c3bd550]" name="setUp" is-config="true" duration-ms="10525" started-at="2020-05-26T12:17:49Z" finished-at="2020-05-26T12:17:59Z">
          <reporter-output>
          </reporter-output>
        </test-method> <!-- setUp -->
        <test-method status="PASS" signature="LoginPageTitleTest()[pri:1, instance:com.qa.TestCases.LoginPageTest@5c3bd550]" name="LoginPageTitleTest" duration-ms="11" started-at="2020-05-26T12:17:59Z" finished-at="2020-05-26T12:17:59Z">
          <reporter-output>
          </reporter-output>
        </test-method> <!-- LoginPageTitleTest -->
        <test-method status="PASS" signature="tearDown()[pri:0, instance:com.qa.TestCases.LoginPageTest@5c3bd550]" name="tearDown" is-config="true" duration-ms="1185" started-at="2020-05-26T12:17:59Z" finished-at="2020-05-26T12:18:00Z">
          <reporter-output>
          </reporter-output>
        </test-method> <!-- tearDown -->
        <test-method status="PASS" signature="setUp()[pri:0, instance:com.qa.TestCases.LoginPageTest@5c3bd550]" name="setUp" is-config="true" duration-ms="10779" started-at="2020-05-26T12:18:15Z" finished-at="2020-05-26T12:18:25Z">
          <reporter-output>
          </reporter-output>
        </test-method> <!-- setUp -->
        <test-method status="PASS" signature="loginTest()[pri:2, instance:com.qa.TestCases.LoginPageTest@5c3bd550]" name="loginTest" duration-ms="389" started-at="2020-05-26T12:18:25Z" finished-at="2020-05-26T12:18:26Z">
          <reporter-output>
          </reporter-output>
        </test-method> <!-- loginTest -->
        <test-method status="PASS" signature="tearDown()[pri:0, instance:com.qa.TestCases.LoginPageTest@5c3bd550]" name="tearDown" is-config="true" duration-ms="848" started-at="2020-05-26T12:18:26Z" finished-at="2020-05-26T12:18:27Z">
          <reporter-output>
          </reporter-output>
        </test-method> <!-- tearDown -->
      </class> <!-- com.qa.TestCases.LoginPageTest -->
    </test> <!-- actiTIME application test -->
  </suite> <!-- actiTIME Test for automation test Suite -->
</testng-results>
