<?xml version="1.0" encoding="UTF-8"?>
<!-- Generated by org.testng.reporters.JUnitXMLReporter -->
<testsuite hostname="DESKTOP-9B1Q1FM" ignored="0" name="actiTIME application test" tests="5" failures="1" timestamp="26 May 2020 06:48:41 GMT" time="71.007" errors="0">
  <testcase name="validateTasksPageTest" time="0.476" classname="com.qa.TestCases.TasksPageTest"/>
  <testcase name="LoginPageTitleTest" time="0.011" classname="com.qa.TestCases.LoginPageTest"/>
  <testcase name="verifyHomePageTitleTest" time="2.223" classname="com.qa.TestCases.HomePageTest">
    <failure type="java.lang.AssertionError" message="HomePage title is not matched expected [actiTIME - Enter Time-Track] but found [actiTIME - Login]">
      <![CDATA[java.lang.AssertionError: HomePage title is not matched expected [actiTIME - Enter Time-Track] but found [actiTIME - Login]
	at com.qa.TestCases.HomePageTest.verifyHomePageTitleTest(HomePageTest.java:37)
... Removed 30 stack frames]]>
    </failure>
  </testcase> <!-- verifyHomePageTitleTest -->
  <testcase name="loginTest" time="0.389" classname="com.qa.TestCases.LoginPageTest"/>
  <testcase name="clickOnTasksButton" time="2.548" classname="com.qa.TestCases.HomePageTest"/>
</testsuite> <!-- actiTIME application test -->
